<?xml version="1.0" encoding="UTF-8"?>
<!-- Generated by org.testng.reporters.JUnitXMLReporter -->
<testsuite hostname="DESKTOP-8HH9JKT" ignored="0" name="Default test" tests="4" failures="0" timestamp="15 Nov 2018 16:59:19 GMT" time="2.973" errors="0">
  <testcase name="Test_0001" time="1.875" classname="APITesting.com.org.api.weatherGetRequest"/>
  <testcase name="Test_0002" time="0.344" classname="APITesting.com.org.api.weatherGetRequest"/>
  <testcase name="Test_0003" time="0.406" classname="APITesting.com.org.api.weatherGetRequest"/>
  <testcase name="Test_0004" time="0.297" classname="APITesting.com.org.api.weatherGetRequest"/>
</testsuite> <!-- Default test -->
