<?xml version="1.0" encoding="UTF-8"?>
<testng-results skipped="0" failed="0" ignored="0" total="3" passed="3">
  <reporter-output>
  </reporter-output>
  <suite name="Default suite" duration-ms="2913" started-at="2018-11-15T15:03:43Z" finished-at="2018-11-15T15:03:46Z">
    <groups>
    </groups>
    <test name="Default test" duration-ms="2913" started-at="2018-11-15T15:03:43Z" finished-at="2018-11-15T15:03:46Z">
      <class name="APITesting.com.org.api.weatherGetRequest">
        <test-method status="PASS" signature="Test_0001()[pri:0, instance:APITesting.com.org.api.weatherGetRequest@3ffc5af1]" name="Test_0001" duration-ms="1830" started-at="2018-11-15T15:03:43Z" finished-at="2018-11-15T15:03:45Z">
          <reporter-output>
          </reporter-output>
        </test-method> <!-- Test_0001 -->
        <test-method status="PASS" signature="Test_0002()[pri:0, instance:APITesting.com.org.api.weatherGetRequest@3ffc5af1]" name="Test_0002" duration-ms="439" started-at="2018-11-15T15:03:45Z" finished-at="2018-11-15T15:03:46Z">
          <reporter-output>
          </reporter-output>
        </test-method> <!-- Test_0002 -->
        <test-method status="PASS" signature="Test_0003()[pri:0, instance:APITesting.com.org.api.weatherGetRequest@3ffc5af1]" name="Test_0003" duration-ms="593" started-at="2018-11-15T15:03:46Z" finished-at="2018-11-15T15:03:46Z">
          <reporter-output>
          </reporter-output>
        </test-method> <!-- Test_0003 -->
      </class> <!-- APITesting.com.org.api.weatherGetRequest -->
    </test> <!-- Default test -->
  </suite> <!-- Default suite -->
</testng-results>
