<?xml version="1.0" encoding="UTF-8"?>
<testng-results skipped="0" failed="0" ignored="0" total="6" passed="6">
  <reporter-output>
  </reporter-output>
  <suite name="Default suite" duration-ms="3818" started-at="2018-11-15T17:42:18Z" finished-at="2018-11-15T17:42:22Z">
    <groups>
    </groups>
    <test name="Default test" duration-ms="3818" started-at="2018-11-15T17:42:18Z" finished-at="2018-11-15T17:42:22Z">
      <class name="APITesting.com.org.api.weatherGetRequest">
        <test-method status="PASS" signature="Test_0001()[pri:0, instance:APITesting.com.org.api.weatherGetRequest@26653222]" name="Test_0001" duration-ms="1562" started-at="2018-11-15T17:42:18Z" finished-at="2018-11-15T17:42:20Z">
          <reporter-output>
          </reporter-output>
        </test-method> <!-- Test_0001 -->
        <test-method status="PASS" signature="Test_0002()[pri:0, instance:APITesting.com.org.api.weatherGetRequest@26653222]" name="Test_0002" duration-ms="359" started-at="2018-11-15T17:42:20Z" finished-at="2018-11-15T17:42:20Z">
          <reporter-output>
          </reporter-output>
        </test-method> <!-- Test_0002 -->
        <test-method status="PASS" signature="Test_0003()[pri:0, instance:APITesting.com.org.api.weatherGetRequest@26653222]" name="Test_0003" duration-ms="407" started-at="2018-11-15T17:42:20Z" finished-at="2018-11-15T17:42:20Z">
          <reporter-output>
          </reporter-output>
        </test-method> <!-- Test_0003 -->
        <test-method status="PASS" signature="Test_0004()[pri:0, instance:APITesting.com.org.api.weatherGetRequest@26653222]" name="Test_0004" duration-ms="343" started-at="2018-11-15T17:42:20Z" finished-at="2018-11-15T17:42:21Z">
          <reporter-output>
          </reporter-output>
        </test-method> <!-- Test_0004 -->
        <test-method status="PASS" signature="Test_0005()[pri:0, instance:APITesting.com.org.api.weatherGetRequest@26653222]" name="Test_0005" duration-ms="360" started-at="2018-11-15T17:42:21Z" finished-at="2018-11-15T17:42:21Z">
          <reporter-output>
          </reporter-output>
        </test-method> <!-- Test_0005 -->
        <test-method status="PASS" signature="Test_0006()[pri:0, instance:APITesting.com.org.api.weatherGetRequest@26653222]" name="Test_0006" duration-ms="750" started-at="2018-11-15T17:42:21Z" finished-at="2018-11-15T17:42:22Z">
          <reporter-output>
          </reporter-output>
        </test-method> <!-- Test_0006 -->
      </class> <!-- APITesting.com.org.api.weatherGetRequest -->
    </test> <!-- Default test -->
  </suite> <!-- Default suite -->
</testng-results>
